SF:/Users/fmachado/Repos/PII_Desafio_OpenClosed_Start/src/Library/Calendar.cs
FN:29,System.Boolean Ucu.Poo.Ocp.Calendar::IsHoliday(System.DateTime)
FNDA:15,System.Boolean Ucu.Poo.Ocp.Calendar::IsHoliday(System.DateTime)
DA:30,15
DA:31,15
DA:32,15
FN:13,System.Void Ucu.Poo.Ocp.Calendar::.cctor()
FNDA:1,System.Void Ucu.Poo.Ocp.Calendar::.cctor()
DA:14,1
DA:15,1
DA:16,1
DA:17,1
DA:18,1
DA:19,1
DA:20,1
DA:21,1
LF:11
LH:11
BRF:0
BRH:0
FNF:2
FNH:2
end_of_record
SF:/Users/fmachado/Repos/PII_Desafio_OpenClosed_Start/src/Library/Gym.cs
FN:18,System.Boolean Ucu.Poo.Ocp.Gym::CanEnter(Ucu.Poo.Ocp.Membership,System.DateTime,System.Int32)
FNDA:29,System.Boolean Ucu.Poo.Ocp.Gym::CanEnter(Ucu.Poo.Ocp.Membership,System.DateTime,System.Int32)
DA:19,29
DA:20,29
DA:23,29
DA:24,29
DA:25,29
DA:26,6
DA:27,6
DA:28,3
DA:29,3
DA:32,3
DA:36,23
DA:37,23
DA:38,23
DA:39,5
DA:40,5
DA:41,5
DA:42,5
DA:43,5
DA:44,5
DA:47,0
DA:51,18
DA:52,18
DA:53,18
DA:54,6
DA:55,6
DA:56,3
DA:57,3
DA:60,3
DA:64,12
DA:65,3
DA:66,3
DA:67,2
DA:68,2
DA:71,1
DA:75,9
DA:76,3
DA:77,3
DA:80,6
DA:81,29
BRDA:23,11,0,24
BRDA:23,15,0,15
BRDA:23,19,0,14
BRDA:23,23,0,7
BRDA:23,11,1,23
BRDA:23,15,1,23
BRDA:23,19,1,23
BRDA:23,23,1,23
BRDA:23,27,0,23
BRDA:23,31,0,20
BRDA:23,27,1,9
BRDA:23,31,1,9
BRDA:23,43,0,6
BRDA:27,52,0,3
BRDA:27,52,1,3
BRDA:23,43,1,23
BRDA:36,71,0,21
BRDA:36,75,0,15
BRDA:36,79,0,14
BRDA:36,83,0,7
BRDA:36,71,1,17
BRDA:36,75,1,17
BRDA:36,79,1,17
BRDA:36,83,1,17
BRDA:36,87,0,17
BRDA:36,92,0,14
BRDA:36,87,1,9
BRDA:36,92,1,9
BRDA:36,106,0,5
BRDA:40,111,0,4
BRDA:40,114,0,3
BRDA:40,111,1,2
BRDA:40,114,1,2
BRDA:40,127,0,5
BRDA:40,127,1,0
BRDA:36,106,1,18
BRDA:51,146,0,17
BRDA:51,150,0,11
BRDA:51,154,0,10
BRDA:51,158,0,7
BRDA:51,146,1,12
BRDA:51,150,1,12
BRDA:51,154,1,12
BRDA:51,158,1,12
BRDA:51,162,0,12
BRDA:51,167,0,9
BRDA:51,162,1,9
BRDA:51,167,1,9
BRDA:51,181,0,6
BRDA:55,186,0,5
BRDA:55,186,1,1
BRDA:55,199,0,3
BRDA:55,199,1,3
BRDA:51,181,1,12
BRDA:64,212,0,3
BRDA:64,216,0,3
BRDA:64,212,1,9
BRDA:64,216,1,9
BRDA:64,230,0,3
BRDA:66,235,0,2
BRDA:66,235,1,1
BRDA:66,248,0,2
BRDA:66,248,1,1
BRDA:64,230,1,9
BRDA:75,267,0,3
BRDA:75,267,1,6
LF:39
LH:38
BRF:66
BRH:65
FNF:1
FNH:1
end_of_record